1122	2019/167:00:32:53	2019/167:00:39:05	HI05	00:06:12	TR3
1122	2019/167:00:59:56	2019/167:01:07:46	HI06	00:07:50	TR2
1123	2019/167:01:33:47	2019/167:01:41:02	SGA	00:07:15	TR1
1123	2019/167:02:30:08	2019/167:02:35:18	TDN	00:05:10	TR3
1123	2019/167:03:12:55	2019/167:03:21:34	TDN	00:08:39	TR1
1123	2019/167:04:17:35	2019/167:04:27:25	SGB	00:09:50	TR2
1124	2019/167:05:16:35	2019/167:05:22:44	172	00:06:09	TR1
1124	2019/167:05:27:20	2019/167:05:33:24	SGB	00:06:04	TR2
1124	2019/167:06:10:13	2019/167:06:15:13	TDN	00:05:00	TR1
1124	2019/167:06:55:29	2019/167:07:02:04	SGA	00:06:35	TR2
1124	2019/167:07:04:55	2019/167:07:11:03	TDR	00:06:08	TR3
1124	2019/167:07:57:43	2019/167:08:05:17	172	00:07:34	TR2
1125	2019/167:08:19:19	2019/167:08:25:59	HI06	00:06:40	TR3
1125	2019/167:08:57:04	2019/167:09:03:32	TDN	00:06:28	TR2
1125	2019/167:09:25:47	2019/167:09:33:06	274	00:07:19	TR3
1125	2019/167:10:26:01	2019/167:10:35:49	TDN	00:09:48	TR2
1125	2019/167:11:33:59	2019/167:11:43:15	TDR	00:09:16	TR3
1126	2019/167:12:19:00	2019/167:12:26:38	TDN	00:07:38	TR2
1126	2019/167:13:03:49	2019/167:13:11:48	172	00:07:59	TR2
1126	2019/167:13:28:53	2019/167:13:35:16	HI05	00:06:23	TR2
1126	2019/167:13:44:32	2019/167:13:51:46	172	00:07:14	TR3
1126	2019/167:14:33:56	2019/167:14:39:07	SGB	00:05:11	TR3
1126	2019/167:14:59:50	2019/167:15:04:58	SGB	00:05:08	TR1
1127	2019/167:15:54:47	2019/167:16:00:22	HI05	00:05:35	TR2
1127	2019/167:16:29:24	2019/167:16:36:50	TDR	00:07:26	TR1
1127	2019/167:16:39:05	2019/167:16:48:48	HI06	00:09:43	TR3
1127	2019/167:17:17:46	2019/167:17:26:25	SGB	00:08:39	TR2
1127	2019/167:17:57:23	2019/167:18:05:41	172	00:08:18	TR3
1127	2019/167:18:48:14	2019/167:18:53:22	SGA	00:05:08	TR1
1128	2019/167:19:13:29	2019/167:19:18:54	172	00:05:25	TR2
1128	2019/167:19:28:49	2019/167:19:37:06	274	00:08:17	TR3
1128	2019/167:20:15:14	2019/167:20:23:57	SGB	00:08:43	TR3
1128	2019/167:20:41:20	2019/167:20:48:41	SGA	00:07:21	TR2
1128	2019/167:21:42:26	2019/167:21:50:01	HI05	00:07:35	TR3
1128	2019/167:22:23:22	2019/167:22:31:05	172	00:07:43	TR3
1129	2019/167:22:34:39	2019/167:22:42:58	HI05	00:08:19	TR2
1129	2019/167:23:17:55	2019/167:23:24:00	274	00:06:05	TR1
1129	2019/167:23:52:38	2019/167:23:59:55	SGA	00:07:17	TR3
