2400	2019/357:00:00:33	2019/357:00:09:09	274	00:08:36	TR1
2400	2019/357:00:29:50	2019/357:00:36:26	HI06	00:06:36	TR2
2400	2019/357:01:12:37	2019/357:01:20:37	TDN	00:08:00	TR2
2400	2019/357:02:00:16	2019/357:02:05:38	172	00:05:22	TR3
2400	2019/357:03:05:16	2019/357:03:11:32	274	00:06:16	TR3
2400	2019/357:03:13:54	2019/357:03:22:09	HI05	00:08:15	TR1
2401	2019/357:03:49:37	2019/357:03:59:08	SGA	00:09:31	TR2
2401	2019/357:04:22:24	2019/357:04:30:00	274	00:07:36	TR2
2401	2019/357:05:14:47	2019/357:05:23:26	TDR	00:08:39	TR1
2401	2019/357:05:29:00	2019/357:05:35:50	HI06	00:06:50	TR2
2401	2019/357:06:10:18	2019/357:06:19:50	SGA	00:09:32	TR1
2401	2019/357:06:30:07	2019/357:06:40:06	HI05	00:09:59	TR2
2401	2019/357:06:52:34	2019/357:07:01:21	SGA	00:08:47	TR1
2402	2019/357:07:35:56	2019/357:07:41:41	HI05	00:05:45	TR3
2402	2019/357:08:17:40	2019/357:08:24:41	TDN	00:07:01	TR3
2402	2019/357:09:16:21	2019/357:09:22:37	TDR	00:06:16	TR1
2402	2019/357:10:04:22	2019/357:10:13:30	HI05	00:09:08	TR1
2403	2019/357:10:43:44	2019/357:10:52:33	SGA	00:08:49	TR2
2403	2019/357:11:22:16	2019/357:11:31:56	SGB	00:09:40	TR1
2403	2019/357:12:04:35	2019/357:12:12:15	SGB	00:07:40	TR1
2403	2019/357:12:58:48	2019/357:13:05:17	SGA	00:06:29	TR3
2403	2019/357:13:29:18	2019/357:13:37:19	HI06	00:08:01	TR2
2403	2019/357:14:01:56	2019/357:14:10:14	172	00:08:18	TR3
2404	2019/357:14:45:58	2019/357:14:55:23	TDR	00:09:25	TR2
2404	2019/357:15:23:46	2019/357:15:31:47	274	00:08:01	TR2
2404	2019/357:16:30:21	2019/357:16:35:39	SGA	00:05:18	TR1
2404	2019/357:17:24:09	2019/357:17:29:31	TDN	00:05:22	TR2
2404	2019/357:17:41:14	2019/357:17:50:37	HI05	00:09:23	TR1
2405	2019/357:18:11:33	2019/357:18:17:00	SGB	00:05:27	TR1
2405	2019/357:18:55:39	2019/357:19:03:16	SGA	00:07:37	TR2
2405	2019/357:19:59:31	2019/357:20:06:45	TDR	00:07:14	TR3
2405	2019/357:20:22:47	2019/357:20:27:51	SGA	00:05:04	TR1
2405	2019/357:20:50:12	2019/357:20:59:42	TDN	00:09:30	TR1
2406	2019/357:21:45:31	2019/357:21:53:20	TDN	00:07:49	TR1
2406	2019/357:22:22:50	2019/357:22:32:46	SGB	00:09:56	TR1
2406	2019/357:23:07:54	2019/357:23:17:32	172	00:09:38	TR1
2406	2019/357:23:37:19	2019/357:23:44:11	HI06	00:06:52	TR2
