1687	2019/251:00:05:10	2019/251:00:12:36	TDR	00:07:26	TR3
1687	2019/251:00:28:05	2019/251:00:33:28	SGA	00:05:23	TR3
1687	2019/251:01:25:38	2019/251:01:33:54	TDR	00:08:16	TR3
1687	2019/251:01:53:10	2019/251:02:02:00	SGA	00:08:50	TR2
1688	2019/251:02:51:56	2019/251:03:01:47	SGA	00:09:51	TR2
1688	2019/251:03:20:07	2019/251:03:29:19	TDR	00:09:12	TR3
1688	2019/251:04:16:53	2019/251:04:22:59	HI05	00:06:06	TR1
1688	2019/251:04:58:06	2019/251:05:06:28	SGB	00:08:22	TR3
1689	2019/251:06:02:09	2019/251:06:10:50	TDR	00:08:41	TR1
1689	2019/251:06:52:04	2019/251:06:59:21	HI05	00:07:17	TR1
1689	2019/251:07:36:04	2019/251:07:42:09	HI05	00:06:05	TR3
1689	2019/251:08:02:23	2019/251:08:09:52	172	00:07:29	TR2
1689	2019/251:08:33:07	2019/251:08:42:12	274	00:09:05	TR3
1690	2019/251:09:25:07	2019/251:09:32:59	SGB	00:07:52	TR3
1690	2019/251:10:32:57	2019/251:10:41:20	HI06	00:08:23	TR2
1690	2019/251:11:22:28	2019/251:11:27:28	TDN	00:05:00	TR2
1690	2019/251:12:08:01	2019/251:12:13:38	172	00:05:37	TR1
1690	2019/251:12:33:51	2019/251:12:40:15	172	00:06:24	TR2
1691	2019/251:13:08:26	2019/251:13:14:16	274	00:05:50	TR1
1691	2019/251:13:16:54	2019/251:13:25:04	172	00:08:10	TR2
1691	2019/251:14:15:52	2019/251:14:23:17	TDR	00:07:25	TR1
1691	2019/251:14:28:01	2019/251:14:33:22	274	00:05:21	TR1
1691	2019/251:14:58:56	2019/251:15:06:41	TDN	00:07:45	TR3
1691	2019/251:15:19:12	2019/251:15:25:16	TDN	00:06:04	TR2
1691	2019/251:15:47:13	2019/251:15:57:09	TDN	00:09:56	TR1
1691	2019/251:16:07:22	2019/251:16:15:20	TDN	00:07:58	TR3
1692	2019/251:17:00:45	2019/251:17:09:14	SGB	00:08:29	TR1
1692	2019/251:17:48:14	2019/251:17:55:14	274	00:07:00	TR2
1692	2019/251:18:14:06	2019/251:18:20:12	TDN	00:06:06	TR2
1692	2019/251:18:55:55	2019/251:19:02:00	HI06	00:06:05	TR3
1692	2019/251:19:33:17	2019/251:19:38:57	274	00:05:40	TR2
1693	2019/251:20:14:27	2019/251:20:21:53	TDN	00:07:26	TR2
1693	2019/251:20:43:45	2019/251:20:51:30	HI06	00:07:45	TR2
1693	2019/251:21:25:45	2019/251:21:33:12	TDN	00:07:27	TR1
1693	2019/251:21:37:12	2019/251:21:45:33	SGB	00:08:21	TR1
1693	2019/251:21:50:38	2019/251:21:58:59	172	00:08:21	TR2
1693	2019/251:22:45:26	2019/251:22:52:39	SGA	00:07:13	TR3
1694	2019/251:23:49:59	2019/251:23:58:01	274	00:08:02	TR1
