685	2019/102:00:47:09	2019/102:00:55:28	HI06	00:08:19	TR1
686	2019/102:01:48:10	2019/102:01:54:09	172	00:05:59	TR2
686	2019/102:02:03:51	2019/102:02:08:57	SGB	00:05:06	TR3
686	2019/102:03:04:36	2019/102:03:13:40	TDN	00:09:04	TR3
686	2019/102:03:41:43	2019/102:03:47:14	172	00:05:31	TR2
686	2019/102:04:06:15	2019/102:04:16:13	HI05	00:09:58	TR1
686	2019/102:04:28:23	2019/102:04:36:47	HI05	00:08:24	TR2
687	2019/102:04:47:54	2019/102:04:54:01	TDR	00:06:07	TR3
687	2019/102:05:19:39	2019/102:05:25:33	HI05	00:05:54	TR1
687	2019/102:05:43:01	2019/102:05:53:00	TDN	00:09:59	TR1
687	2019/102:06:46:38	2019/102:06:54:07	HI06	00:07:29	TR2
687	2019/102:06:56:10	2019/102:07:03:21	TDR	00:07:11	TR3
687	2019/102:07:06:15	2019/102:07:14:19	SGA	00:08:04	TR2
687	2019/102:07:21:02	2019/102:07:29:25	TDN	00:08:23	TR3
687	2019/102:07:54:20	2019/102:08:03:42	SGA	00:09:22	TR2
688	2019/102:08:49:35	2019/102:08:57:48	SGA	00:08:13	TR3
688	2019/102:09:31:38	2019/102:09:37:06	TDN	00:05:28	TR3
688	2019/102:10:08:57	2019/102:10:18:08	HI05	00:09:11	TR3
688	2019/102:10:42:06	2019/102:10:48:32	HI06	00:06:26	TR3
688	2019/102:10:58:38	2019/102:11:05:36	SGB	00:06:58	TR2
689	2019/102:11:51:46	2019/102:11:59:09	HI06	00:07:23	TR1
689	2019/102:12:46:44	2019/102:12:54:59	274	00:08:15	TR2
689	2019/102:13:22:16	2019/102:13:27:39	TDN	00:05:23	TR3
689	2019/102:13:47:58	2019/102:13:54:52	HI06	00:06:54	TR3
689	2019/102:14:37:12	2019/102:14:45:44	HI06	00:08:32	TR2
689	2019/102:15:15:08	2019/102:15:23:46	SGB	00:08:38	TR2
690	2019/102:16:05:37	2019/102:16:14:38	SGB	00:09:01	TR2
690	2019/102:16:41:13	2019/102:16:47:30	TDR	00:06:17	TR3
690	2019/102:17:19:56	2019/102:17:26:48	HI06	00:06:52	TR1
690	2019/102:18:17:33	2019/102:18:24:43	SGA	00:07:10	TR1
691	2019/102:19:19:08	2019/102:19:24:20	SGB	00:05:12	TR1
691	2019/102:19:47:19	2019/102:19:55:04	SGA	00:07:45	TR1
691	2019/102:20:20:23	2019/102:20:25:50	172	00:05:27	TR3
691	2019/102:20:51:30	2019/102:20:57:38	HI05	00:06:08	TR1
691	2019/102:21:11:57	2019/102:21:20:26	HI06	00:08:29	TR1
691	2019/102:21:44:40	2019/102:21:53:03	SGB	00:08:23	TR1
692	2019/102:22:50:23	2019/102:22:57:50	HI06	00:07:27	TR2
692	2019/102:22:58:56	2019/102:23:05:52	172	00:06:56	TR1
692	2019/102:23:25:51	2019/102:23:34:00	274	00:08:09	TR1
