2064	2019/307:00:52:12	2019/307:00:58:39	SGB	00:06:27	TR3
2064	2019/307:01:47:44	2019/307:01:53:06	274	00:05:22	TR3
2064	2019/307:02:24:16	2019/307:02:30:36	HI06	00:06:20	TR3
2064	2019/307:03:27:42	2019/307:03:34:59	HI05	00:07:17	TR3
2065	2019/307:04:14:58	2019/307:04:21:22	SGA	00:06:24	TR3
2065	2019/307:05:17:27	2019/307:05:24:51	SGB	00:07:24	TR2
2065	2019/307:05:44:57	2019/307:05:53:55	172	00:08:58	TR3
2065	2019/307:06:31:07	2019/307:06:39:47	172	00:08:40	TR3
2065	2019/307:07:26:36	2019/307:07:32:09	HI05	00:05:33	TR1
2066	2019/307:08:18:42	2019/307:08:24:17	TDR	00:05:35	TR2
2066	2019/307:09:06:24	2019/307:09:11:35	172	00:05:11	TR1
2066	2019/307:09:41:18	2019/307:09:46:39	TDR	00:05:21	TR3
2066	2019/307:10:35:55	2019/307:10:43:31	HI05	00:07:36	TR2
2067	2019/307:11:30:12	2019/307:11:37:47	SGB	00:07:35	TR3
2067	2019/307:11:38:27	2019/307:11:48:27	HI06	00:10:00	TR3
2067	2019/307:12:06:17	2019/307:12:16:04	TDR	00:09:47	TR1
2067	2019/307:13:04:22	2019/307:13:10:03	SGA	00:05:41	TR2
2067	2019/307:13:37:07	2019/307:13:45:14	TDN	00:08:07	TR3
2067	2019/307:14:33:00	2019/307:14:41:28	TDN	00:08:28	TR2
2068	2019/307:15:09:52	2019/307:15:19:20	SGA	00:09:28	TR3
2068	2019/307:16:18:22	2019/307:16:24:58	SGB	00:06:36	TR3
2068	2019/307:17:21:27	2019/307:17:30:30	172	00:09:03	TR1
2068	2019/307:17:41:39	2019/307:17:48:59	172	00:07:20	TR2
2069	2019/307:18:32:30	2019/307:18:41:20	172	00:08:50	TR1
2069	2019/307:18:51:20	2019/307:18:59:09	TDR	00:07:49	TR1
2069	2019/307:19:14:09	2019/307:19:20:36	TDN	00:06:27	TR1
2069	2019/307:20:17:47	2019/307:20:26:38	274	00:08:51	TR1
2069	2019/307:20:47:33	2019/307:20:55:46	TDN	00:08:13	TR2
2069	2019/307:21:16:47	2019/307:21:25:56	TDR	00:09:09	TR1
2069	2019/307:21:29:47	2019/307:21:39:41	TDR	00:09:54	TR3
2070	2019/307:22:26:48	2019/307:22:34:06	HI05	00:07:18	TR3
2070	2019/307:22:48:59	2019/307:22:54:05	274	00:05:06	TR1
2070	2019/307:23:27:23	2019/307:23:32:49	HI06	00:05:26	TR3
2070	2019/307:23:51:05	2019/308:00:00:57	SGB	00:09:52	TR3
