1438	2019/214:00:22:53	2019/214:00:29:58	HI05	00:07:05	TR3
1438	2019/214:01:06:54	2019/214:01:15:05	TDN	00:08:11	TR1
1439	2019/214:02:08:24	2019/214:02:17:11	TDN	00:08:47	TR2
1439	2019/214:03:03:40	2019/214:03:09:29	172	00:05:49	TR1
1439	2019/214:03:28:27	2019/214:03:34:35	SGA	00:06:08	TR1
1439	2019/214:04:21:49	2019/214:04:28:34	SGB	00:06:45	TR2
1440	2019/214:05:25:29	2019/214:05:31:45	HI06	00:06:16	TR2
1440	2019/214:05:38:14	2019/214:05:45:57	HI06	00:07:43	TR3
1440	2019/214:05:45:57	2019/214:05:51:46	172	00:05:49	TR3
1440	2019/214:06:06:07	2019/214:06:11:32	SGA	00:05:25	TR3
1440	2019/214:06:11:33	2019/214:06:20:39	SGA	00:09:06	TR1
1440	2019/214:06:25:00	2019/214:06:33:24	HI05	00:08:24	TR2
1440	2019/214:07:04:00	2019/214:07:13:58	HI05	00:09:58	TR2
1440	2019/214:07:45:15	2019/214:07:53:47	172	00:08:32	TR3
1440	2019/214:07:54:52	2019/214:08:00:08	274	00:05:16	TR2
1441	2019/214:08:27:00	2019/214:08:32:14	TDN	00:05:14	TR3
1441	2019/214:08:51:21	2019/214:08:59:12	SGA	00:07:51	TR3
1441	2019/214:09:10:20	2019/214:09:19:01	SGB	00:08:41	TR2
1441	2019/214:09:23:38	2019/214:09:28:42	SGA	00:05:04	TR3
1441	2019/214:10:10:26	2019/214:10:18:48	HI05	00:08:22	TR1
1441	2019/214:11:04:08	2019/214:11:11:05	172	00:06:57	TR3
1442	2019/214:11:57:12	2019/214:12:04:25	TDR	00:07:13	TR2
1442	2019/214:12:07:26	2019/214:12:13:02	SGB	00:05:36	TR3
1442	2019/214:12:42:07	2019/214:12:50:47	HI05	00:08:40	TR2
1442	2019/214:12:51:26	2019/214:12:59:59	SGA	00:08:33	TR2
1442	2019/214:13:46:59	2019/214:13:55:21	SGA	00:08:22	TR2
1442	2019/214:14:27:00	2019/214:14:36:32	172	00:09:32	TR2
1442	2019/214:14:44:01	2019/214:14:53:46	HI05	00:09:45	TR3
1442	2019/214:15:09:25	2019/214:15:17:04	SGB	00:07:39	TR3
1443	2019/214:16:12:30	2019/214:16:22:17	HI05	00:09:47	TR1
1443	2019/214:16:52:57	2019/214:17:02:09	274	00:09:12	TR3
1443	2019/214:17:58:02	2019/214:18:07:58	SGB	00:09:56	TR2
1443	2019/214:18:46:59	2019/214:18:53:09	HI06	00:06:10	TR3
1443	2019/214:19:00:46	2019/214:19:06:19	HI06	00:05:33	TR3
1444	2019/214:19:20:35	2019/214:19:26:21	172	00:05:46	TR1
1444	2019/214:19:57:15	2019/214:20:06:31	172	00:09:16	TR2
1444	2019/214:20:07:21	2019/214:20:13:43	TDR	00:06:22	TR3
1444	2019/214:20:59:24	2019/214:21:08:53	172	00:09:29	TR1
1444	2019/214:21:55:54	2019/214:22:02:55	SGA	00:07:01	TR2
1445	2019/214:22:42:22	2019/214:22:50:03	HI06	00:07:41	TR2
1445	2019/214:23:41:26	2019/214:23:47:45	TDR	00:06:19	TR2
1445	2019/214:23:55:43	2019/215:00:02:14	HI06	00:06:31	TR2
