2426	2019/361:00:12:34	2019/361:00:19:35	SGB	00:07:01	TR3
2427	2019/361:00:46:52	2019/361:00:54:25	TDN	00:07:33	TR3
2427	2019/361:01:07:29	2019/361:01:13:55	SGB	00:06:26	TR2
2427	2019/361:01:59:21	2019/361:02:05:25	172	00:06:04	TR1
2427	2019/361:02:17:29	2019/361:02:26:31	SGA	00:09:02	TR2
2427	2019/361:02:51:27	2019/361:02:59:33	172	00:08:06	TR3
2427	2019/361:03:42:22	2019/361:03:47:37	274	00:05:15	TR1
2427	2019/361:03:48:54	2019/361:03:58:34	SGA	00:09:40	TR3
2428	2019/361:04:19:00	2019/361:04:27:22	274	00:08:22	TR2
2428	2019/361:05:09:38	2019/361:05:17:06	HI06	00:07:28	TR3
2428	2019/361:05:58:29	2019/361:06:07:19	HI06	00:08:50	TR1
2428	2019/361:06:22:04	2019/361:06:28:59	SGB	00:06:55	TR2
2428	2019/361:07:00:52	2019/361:07:07:46	HI06	00:06:54	TR2
2428	2019/361:07:09:36	2019/361:07:17:58	SGA	00:08:22	TR3
2428	2019/361:07:26:41	2019/361:07:32:53	SGA	00:06:12	TR3
2429	2019/361:08:00:20	2019/361:08:05:48	HI06	00:05:28	TR2
2429	2019/361:08:28:41	2019/361:08:37:41	SGB	00:09:00	TR1
2429	2019/361:08:54:51	2019/361:09:01:08	274	00:06:17	TR1
2429	2019/361:09:38:20	2019/361:09:46:04	SGA	00:07:44	TR3
2429	2019/361:09:54:34	2019/361:09:59:46	SGA	00:05:12	TR1
2429	2019/361:10:17:24	2019/361:10:27:09	172	00:09:45	TR1
2429	2019/361:10:46:01	2019/361:10:53:51	TDN	00:07:50	TR2
2430	2019/361:11:20:21	2019/361:11:25:52	SGB	00:05:31	TR3
2430	2019/361:12:21:07	2019/361:12:27:53	172	00:06:46	TR2
2430	2019/361:13:01:03	2019/361:13:06:16	SGA	00:05:13	TR1
2430	2019/361:14:04:40	2019/361:14:12:11	274	00:07:31	TR2
2430	2019/361:14:26:10	2019/361:14:32:21	TDR	00:06:11	TR1
2431	2019/361:14:50:37	2019/361:15:00:33	HI06	00:09:56	TR2
2431	2019/361:15:58:14	2019/361:16:05:30	TDR	00:07:16	TR1
2431	2019/361:16:57:56	2019/361:17:07:11	HI05	00:09:15	TR1
2431	2019/361:17:18:39	2019/361:17:27:56	274	00:09:17	TR1
2432	2019/361:18:25:49	2019/361:18:32:50	274	00:07:01	TR3
2432	2019/361:19:22:16	2019/361:19:27:27	TDN	00:05:11	TR1
2432	2019/361:19:32:01	2019/361:19:37:23	172	00:05:22	TR3
2432	2019/361:19:42:03	2019/361:19:47:41	HI05	00:05:38	TR3
2432	2019/361:20:42:08	2019/361:20:51:48	TDN	00:09:40	TR3
2432	2019/361:21:26:13	2019/361:21:33:53	HI06	00:07:40	TR3
2433	2019/361:21:52:34	2019/361:22:01:12	172	00:08:38	TR1
2433	2019/361:22:54:20	2019/361:23:03:39	SGA	00:09:19	TR3
2433	2019/361:23:53:39	2019/361:23:59:37	HI05	00:05:58	TR2
