598	2019/089:00:12:04	2019/089:00:19:00	274	00:06:56	TR3
598	2019/089:00:24:49	2019/089:00:32:46	172	00:07:57	TR3
598	2019/089:00:38:30	2019/089:00:44:36	TDN	00:06:06	TR2
598	2019/089:01:21:09	2019/089:01:27:45	TDR	00:06:36	TR2
598	2019/089:02:20:11	2019/089:02:25:17	HI05	00:05:06	TR2
599	2019/089:03:18:20	2019/089:03:28:08	SGB	00:09:48	TR3
599	2019/089:03:58:26	2019/089:04:07:24	TDN	00:08:58	TR1
599	2019/089:04:24:18	2019/089:04:31:56	TDR	00:07:38	TR2
599	2019/089:04:45:59	2019/089:04:55:23	HI05	00:09:24	TR1
599	2019/089:05:24:59	2019/089:05:34:29	HI05	00:09:30	TR2
600	2019/089:06:17:43	2019/089:06:24:58	SGA	00:07:15	TR1
600	2019/089:06:43:01	2019/089:06:50:55	274	00:07:54	TR1
600	2019/089:07:31:24	2019/089:07:40:48	HI05	00:09:24	TR3
600	2019/089:08:08:14	2019/089:08:17:49	TDN	00:09:35	TR2
600	2019/089:08:55:44	2019/089:09:04:57	TDR	00:09:13	TR3
600	2019/089:09:12:38	2019/089:09:21:26	HI05	00:08:48	TR1
601	2019/089:10:02:56	2019/089:10:09:23	TDN	00:06:27	TR2
601	2019/089:10:51:25	2019/089:10:57:16	274	00:05:51	TR3
601	2019/089:11:31:45	2019/089:11:41:13	274	00:09:28	TR1
601	2019/089:12:11:01	2019/089:12:19:40	SGB	00:08:39	TR3
601	2019/089:12:33:19	2019/089:12:43:00	274	00:09:41	TR3
602	2019/089:13:28:35	2019/089:13:37:13	172	00:08:38	TR3
602	2019/089:14:23:26	2019/089:14:29:42	TDN	00:06:16	TR2
602	2019/089:14:34:41	2019/089:14:40:23	274	00:05:42	TR3
602	2019/089:14:47:33	2019/089:14:53:23	SGA	00:05:50	TR2
602	2019/089:15:31:59	2019/089:15:39:43	HI06	00:07:44	TR3
602	2019/089:16:04:18	2019/089:16:13:32	SGB	00:09:14	TR1
603	2019/089:17:02:25	2019/089:17:11:11	TDR	00:08:46	TR3
603	2019/089:17:19:47	2019/089:17:26:11	172	00:06:24	TR1
603	2019/089:18:00:33	2019/089:18:09:42	HI06	00:09:09	TR2
603	2019/089:18:36:50	2019/089:18:42:39	HI05	00:05:49	TR3
603	2019/089:19:26:03	2019/089:19:32:52	172	00:06:49	TR1
603	2019/089:20:07:13	2019/089:20:16:56	TDN	00:09:43	TR1
604	2019/089:20:25:45	2019/089:20:34:46	274	00:09:01	TR1
604	2019/089:21:09:26	2019/089:21:15:46	TDR	00:06:20	TR1
604	2019/089:21:42:26	2019/089:21:50:25	SGA	00:07:59	TR1
604	2019/089:22:01:37	2019/089:22:08:29	TDR	00:06:52	TR2
604	2019/089:22:50:42	2019/089:22:58:45	TDN	00:08:03	TR1
604	2019/089:23:48:59	2019/089:23:55:56	TDR	00:06:57	TR3
