981	2019/146:00:22:07	2019/146:00:30:09	SGA	00:08:02	TR1
981	2019/146:01:23:35	2019/146:01:29:40	HI06	00:06:05	TR2
982	2019/146:02:20:44	2019/146:02:29:16	172	00:08:32	TR1
982	2019/146:02:32:29	2019/146:02:41:06	TDR	00:08:37	TR2
982	2019/146:03:15:07	2019/146:03:22:08	HI05	00:07:01	TR1
982	2019/146:04:16:50	2019/146:04:25:57	274	00:09:07	TR1
982	2019/146:04:56:34	2019/146:05:04:28	HI05	00:07:54	TR1
983	2019/146:05:43:24	2019/146:05:52:11	172	00:08:47	TR1
983	2019/146:06:22:31	2019/146:06:30:03	SGA	00:07:32	TR1
983	2019/146:07:27:31	2019/146:07:33:00	TDR	00:05:29	TR2
983	2019/146:08:16:31	2019/146:08:22:24	SGA	00:05:53	TR3
983	2019/146:08:32:26	2019/146:08:37:29	HI06	00:05:03	TR2
984	2019/146:09:14:38	2019/146:09:24:15	SGA	00:09:37	TR1
984	2019/146:10:10:54	2019/146:10:20:31	HI06	00:09:37	TR2
984	2019/146:10:43:11	2019/146:10:50:19	TDN	00:07:08	TR2
984	2019/146:11:06:13	2019/146:11:11:41	HI05	00:05:28	TR2
984	2019/146:11:53:06	2019/146:12:02:27	172	00:09:21	TR1
984	2019/146:12:11:54	2019/146:12:20:24	172	00:08:30	TR2
984	2019/146:12:23:39	2019/146:12:28:57	274	00:05:18	TR1
985	2019/146:13:23:56	2019/146:13:30:46	274	00:06:50	TR1
985	2019/146:14:30:33	2019/146:14:35:47	TDN	00:05:14	TR2
985	2019/146:15:30:31	2019/146:15:36:22	HI06	00:05:51	TR2
985	2019/146:15:49:48	2019/146:15:59:01	SGB	00:09:13	TR1
986	2019/146:16:15:06	2019/146:16:24:57	TDR	00:09:51	TR1
986	2019/146:17:22:04	2019/146:17:27:16	172	00:05:12	TR3
986	2019/146:18:02:09	2019/146:18:07:15	172	00:05:06	TR3
986	2019/146:19:06:55	2019/146:19:16:25	274	00:09:30	TR1
987	2019/146:20:13:55	2019/146:20:20:51	TDR	00:06:56	TR2
987	2019/146:21:20:24	2019/146:21:29:35	TDR	00:09:11	TR3
987	2019/146:22:16:33	2019/146:22:25:40	274	00:09:07	TR2
988	2019/146:23:14:51	2019/146:23:24:46	SGA	00:09:55	TR3
988	2019/146:23:49:05	2019/146:23:57:13	HI06	00:08:08	TR1
