1452	2019/216:00:36:01	2019/216:00:43:02	SGA	00:07:01	TR2
1452	2019/216:00:51:35	2019/216:00:59:36	HI06	00:08:01	TR3
1452	2019/216:01:36:09	2019/216:01:44:32	SGA	00:08:23	TR2
1452	2019/216:02:39:53	2019/216:02:45:09	HI06	00:05:16	TR1
1452	2019/216:03:08:02	2019/216:03:15:09	TDN	00:07:07	TR2
1453	2019/216:03:18:49	2019/216:03:27:16	SGB	00:08:27	TR2
1453	2019/216:03:49:39	2019/216:03:58:51	TDN	00:09:12	TR1
1453	2019/216:04:05:03	2019/216:04:11:35	TDN	00:06:32	TR2
1453	2019/216:04:56:03	2019/216:05:06:00	SGA	00:09:57	TR3
1453	2019/216:05:15:14	2019/216:05:22:14	SGB	00:07:00	TR2
1453	2019/216:06:16:10	2019/216:06:21:18	SGA	00:05:08	TR3
1454	2019/216:06:59:49	2019/216:07:06:10	SGA	00:06:21	TR3
1454	2019/216:07:51:18	2019/216:07:59:53	HI05	00:08:35	TR3
1454	2019/216:08:02:43	2019/216:08:08:38	HI05	00:05:55	TR1
1454	2019/216:08:42:54	2019/216:08:52:39	HI06	00:09:45	TR3
1454	2019/216:09:13:46	2019/216:09:20:47	TDN	00:07:01	TR2
1454	2019/216:09:50:52	2019/216:09:57:14	TDR	00:06:22	TR1
1455	2019/216:10:21:03	2019/216:10:29:00	SGA	00:07:57	TR3
1455	2019/216:10:56:04	2019/216:11:01:26	SGA	00:05:22	TR3
1455	2019/216:11:01:47	2019/216:11:08:22	SGA	00:06:35	TR2
1455	2019/216:11:33:52	2019/216:11:41:10	274	00:07:18	TR3
1455	2019/216:12:03:58	2019/216:12:12:42	TDN	00:08:44	TR2
1455	2019/216:12:37:44	2019/216:12:45:53	HI06	00:08:09	TR3
1455	2019/216:13:17:54	2019/216:13:24:40	172	00:06:46	TR3
1455	2019/216:13:25:48	2019/216:13:34:36	TDR	00:08:48	TR2
1456	2019/216:14:33:45	2019/216:14:40:42	274	00:06:57	TR3
1456	2019/216:15:14:50	2019/216:15:24:24	SGA	00:09:34	TR1
1456	2019/216:16:18:13	2019/216:16:25:50	TDR	00:07:37	TR2
1456	2019/216:17:01:03	2019/216:17:10:46	HI06	00:09:43	TR1
1457	2019/216:17:59:12	2019/216:18:06:36	SGA	00:07:24	TR1
1457	2019/216:18:21:52	2019/216:18:29:37	TDR	00:07:45	TR2
1457	2019/216:19:02:37	2019/216:19:09:18	274	00:06:41	TR2
1457	2019/216:19:45:15	2019/216:19:54:53	SGB	00:09:38	TR2
1457	2019/216:20:06:54	2019/216:20:12:33	SGB	00:05:39	TR2
1457	2019/216:20:50:14	2019/216:20:57:06	TDN	00:06:52	TR1
1457	2019/216:21:03:09	2019/216:21:11:01	HI06	00:07:52	TR1
1458	2019/216:21:40:41	2019/216:21:45:49	TDR	00:05:08	TR3
1458	2019/216:22:42:00	2019/216:22:48:21	172	00:06:21	TR1
1458	2019/216:23:47:32	2019/216:23:54:56	HI06	00:07:24	TR3
